<?xml version="1.0" encoding="UTF-8"?>
<testsuite name="SILab2Test" tests="2" skipped="0" failures="0" errors="0" timestamp="2022-06-03T15:18:22" hostname="DESKTOP-IVUN2BQ" time="0.02">
  <properties/>
  <testcase name="Test1()" classname="SILab2Test" time="0.017"/>
  <testcase name="Test2()" classname="SILab2Test" time="0.003"/>
  <system-out><![CDATA[]]></system-out>
  <system-err><![CDATA[]]></system-err>
</testsuite>
